<?xml version="1.0" encoding="UTF-8"?>
<!-- Generated by org.testng.reporters.JUnitXMLReporter -->
<testsuite hostname="Infva06539" ignored="0" name="dependsExampleChrome" tests="3" failures="0" timestamp="13 Mar 2019 08:59:39 GMT" time="12.42" errors="0">
  <testcase name="f" time="3.216" classname="day7.dependsExample"/>
  <testcase name="f1" time="0.073" classname="day7.dependsExample"/>
  <testcase name="f2" time="2.191" classname="day7.dependsExample"/>
</testsuite> <!-- dependsExampleChrome -->
