<?xml version="1.0" encoding="UTF-8"?>
<testng-results skipped="0" failed="0" ignored="0" total="1" passed="1">
  <reporter-output>
  </reporter-output>
  <suite name="Default suite" duration-ms="10773" started-at="2019-03-14T09:42:40Z" finished-at="2019-03-14T09:42:51Z">
    <groups>
    </groups>
    <test name="Default test" duration-ms="10773" started-at="2019-03-14T09:42:40Z" finished-at="2019-03-14T09:42:51Z">
      <class name="day9.GridExample">
        <test-method status="PASS" signature="f()[pri:0, instance:day9.GridExample@d2cc05a]" name="f" duration-ms="10756" started-at="2019-03-14T15:12:40Z" finished-at="2019-03-14T15:12:51Z">
          <reporter-output>
          </reporter-output>
        </test-method> <!-- f -->
      </class> <!-- day9.GridExample -->
    </test> <!-- Default test -->
  </suite> <!-- Default suite -->
</testng-results>
